#
# There is insufficient memory for the Java Runtime Environment to continue.
# Native memory allocation (malloc) failed to allocate 1086096 bytes for Chunk::new
# Possible reasons:
#   The system is out of physical RAM or swap space
#   In 32 bit mode, the process size limit was hit
# Possible solutions:
#   Reduce memory load on the system
#   Increase physical memory or swap space
#   Check if swap backing store is full
#   Use 64 bit Java on a 64 bit OS
#   Decrease Java heap size (-Xmx/-Xms)
#   Decrease number of Java threads
#   Decrease Java thread stack sizes (-Xss)
#   Set larger code cache with -XX:ReservedCodeCacheSize=
# This output file may be truncated or incomplete.
#
#  Out of Memory Error (allocation.cpp:390), pid=11248, tid=0x00000000000040c8
#
# JRE version: OpenJDK Runtime Environment (8.0_152-b01) (build 1.8.0_152-release-1343-b01)
# Java VM: OpenJDK 64-Bit Server VM (25.152-b01 mixed mode windows-amd64 compressed oops)
# Failed to write core dump. Minidumps are not enabled by default on client versions of Windows
#

---------------  T H R E A D  ---------------

Current thread (0x000000001844d000):  JavaThread "C2 CompilerThread1" daemon [_thread_in_native, id=16584, stack(0x0000000018d20000,0x0000000018e20000)]

Stack: [0x0000000018d20000,0x0000000018e20000]
[error occurred during error reporting (printing stack bounds), id 0xc0000005]

Native frames: (J=compiled Java code, j=interpreted, Vv=VM code, C=native code)


Current CompileTask:
C2:  13497 3453   !   4       java.util.jar.Attributes::read (380 bytes)


---------------  P R O C E S S  ---------------

Java Threads: ( => current thread )
  0x000000001ceba800 JavaThread "Cache worker for Build Output Cleanup Cache (D:\Scripts\Android Studio Projects\imageEditor\.gradle\buildOutputCleanup)" [_thread_blocked, id=3016, stack(0x0000000023660000,0x0000000023760000)]
  0x000000001ceb9800 JavaThread "pool-1-thread-1" [_thread_blocked, id=9800, stack(0x0000000023160000,0x0000000023260000)]
  0x000000001ceb7800 JavaThread "Build operations Thread 8" [_thread_blocked, id=5192, stack(0x0000000022e60000,0x0000000022f60000)]
  0x000000001ceb6800 JavaThread "Build operations Thread 7" [_thread_blocked, id=13324, stack(0x0000000022d60000,0x0000000022e60000)]
  0x000000001ceaf000 JavaThread "Build operations Thread 6" [_thread_blocked, id=8304, stack(0x0000000022c60000,0x0000000022d60000)]
  0x000000001ceb2000 JavaThread "Build operations Thread 5" [_thread_blocked, id=12852, stack(0x0000000022b60000,0x0000000022c60000)]
  0x000000001ceb3000 JavaThread "Build operations Thread 4" [_thread_blocked, id=12188, stack(0x0000000022a60000,0x0000000022b60000)]
  0x000000001ceb0800 JavaThread "Build operations Thread 3" [_thread_blocked, id=16388, stack(0x0000000022960000,0x0000000022a60000)]
  0x000000001ceb0000 JavaThread "Build operations Thread 2" [_thread_blocked, id=13416, stack(0x0000000022600000,0x0000000022700000)]
  0x000000001ceb5000 JavaThread "Build operations" [_thread_blocked, id=14116, stack(0x0000000022500000,0x0000000022600000)]
  0x000000001ceb4800 JavaThread "Cache worker for execution history cache (C:\Users\ectuser\.gradle\caches\5.1.1\executionHistory)" [_thread_blocked, id=6764, stack(0x0000000022000000,0x0000000022100000)]
  0x000000001ceb3800 JavaThread "Cache worker for cache directory md-rule (C:\Users\ectuser\.gradle\caches\5.1.1\md-rule)" [_thread_blocked, id=8940, stack(0x0000000021f00000,0x0000000022000000)]
  0x000000001a497800 JavaThread "Cache worker for cache directory md-supplier (C:\Users\ectuser\.gradle\caches\5.1.1\md-supplier)" [_thread_blocked, id=3432, stack(0x0000000021e00000,0x0000000021f00000)]
  0x000000001a49b800 JavaThread "Cache worker for file hash cache (D:\Scripts\Android Studio Projects\imageEditor\.gradle\5.1.1\fileHashes)" [_thread_blocked, id=11884, stack(0x000000001e2b0000,0x000000001e3b0000)]
  0x000000001a497000 JavaThread "Cache worker for journal cache (C:\Users\ectuser\.gradle\caches\journal-1)" [_thread_blocked, id=17288, stack(0x000000001bea0000,0x000000001bfa0000)]
  0x000000001a49a000 JavaThread "File lock request listener" [_thread_in_native, id=17284, stack(0x000000001bda0000,0x000000001bea0000)]
  0x000000001a6e6800 JavaThread "Cache worker for file hash cache (C:\Users\ectuser\.gradle\caches\5.1.1\fileHashes)" [_thread_blocked, id=17328, stack(0x000000001bca0000,0x000000001bda0000)]
  0x000000001a57b000 JavaThread "Thread-8" [_thread_blocked, id=15464, stack(0x000000001bba0000,0x000000001bca0000)]
  0x000000001a57a000 JavaThread "Stdin handler" [_thread_blocked, id=17044, stack(0x000000001b9a0000,0x000000001baa0000)]
  0x000000001a579800 JavaThread "Asynchronous log dispatcher for DefaultDaemonConnection: socket connection from /127.0.0.1:63702 to /127.0.0.1:63703" [_thread_blocked, id=17048, stack(0x000000001b8a0000,0x000000001b9a0000)]
  0x000000001a58d000 JavaThread "Daemon worker" [_thread_in_Java, id=17248, stack(0x000000001b7a0000,0x000000001b8a0000)]
  0x000000001a66a000 JavaThread "Cancel handler" [_thread_blocked, id=17252, stack(0x000000001b6a0000,0x000000001b7a0000)]
  0x000000001a680800 JavaThread "Handler for socket connection from /127.0.0.1:63702 to /127.0.0.1:63703" [_thread_in_native, id=16628, stack(0x000000001b3a0000,0x000000001b4a0000)]
  0x000000001a67f800 JavaThread "Daemon" [_thread_blocked, id=9252, stack(0x000000001b2a0000,0x000000001b3a0000)]
  0x000000001a685000 JavaThread "Daemon periodic checks" [_thread_blocked, id=13520, stack(0x000000001b1a0000,0x000000001b2a0000)]
  0x000000001a634000 JavaThread "Incoming local TCP Connector on port 63702" [_thread_in_native, id=5168, stack(0x000000001af50000,0x000000001b050000)]
  0x00000000184e2800 JavaThread "Service Thread" daemon [_thread_blocked, id=16564, stack(0x0000000019020000,0x0000000019120000)]
  0x00000000184a0000 JavaThread "C1 CompilerThread3" daemon [_thread_in_native, id=17084, stack(0x0000000018f20000,0x0000000019020000)]
  0x0000000018481800 JavaThread "C2 CompilerThread2" daemon [_thread_in_native, id=16588, stack(0x0000000018e20000,0x0000000018f20000)]
=>0x000000001844d000 JavaThread "C2 CompilerThread1" daemon [_thread_in_native, id=16584, stack(0x0000000018d20000,0x0000000018e20000)]
  0x0000000018446000 JavaThread "C2 CompilerThread0" daemon [_thread_in_native, id=16580, stack(0x0000000018c20000,0x0000000018d20000)]
  0x0000000018440800 JavaThread "Attach Listener" daemon [_thread_blocked, id=16556, stack(0x0000000018b20000,0x0000000018c20000)]
  0x000000001843f000 JavaThread "Signal Dispatcher" daemon [_thread_blocked, id=16560, stack(0x0000000018a20000,0x0000000018b20000)]
  0x0000000018430800 JavaThread "Finalizer" daemon [_thread_blocked, id=16568, stack(0x0000000018810000,0x0000000018910000)]
  0x0000000002787000 JavaThread "Reference Handler" daemon [_thread_blocked, id=16592, stack(0x0000000018310000,0x0000000018410000)]
  0x000000000080e000 JavaThread "main" [_thread_blocked, id=8680, stack(0x0000000002530000,0x0000000002630000)]

Other Threads:
  0x0000000016548000 VMThread [stack: 0x0000000018210000,0x0000000018310000] [id=17088]
  0x00000000184eb000 WatcherThread [stack: 0x0000000019120000,0x0000000019220000] [id=9352]

VM state:not at safepoint (normal execution)

VM Mutex/Monitor currently owned by a thread: None

Heap:
 PSYoungGen      total 109056K, used 57736K [0x00000000e0000000, 0x00000000e8e00000, 0x0000000100000000)
  eden space 97792K, 59% used [0x00000000e0000000,0x00000000e38621c8,0x00000000e5f80000)
  from space 11264K, 0% used [0x00000000e5f80000,0x00000000e5f80000,0x00000000e6a80000)
  to   space 11776K, 0% used [0x00000000e8280000,0x00000000e8280000,0x00000000e8e00000)
 ParOldGen       total 99328K, used 16807K [0x00000000a0000000, 0x00000000a6100000, 0x00000000e0000000)
  object space 99328K, 16% used [0x00000000a0000000,0x00000000a1069ce0,0x00000000a6100000)
 Metaspace       used 41527K, capacity 42448K, committed 42792K, reserved 1085440K
  class space    used 5651K, capacity 5902K, committed 5928K, reserved 1048576K

Card table byte_map: [0x0000000011b50000,0x0000000011e60000] byte_map_base: 0x0000000011650000

Marking Bits: (ParMarkBitMap*) 0x000000005a655aa0
 Begin Bits: [0x0000000012860000, 0x0000000014060000)
 End Bits:   [0x0000000014060000, 0x0000000015860000)

Polling page: 0x0000000002630000

CodeCache: size=245760Kb used=10986Kb max_used=11224Kb free=234773Kb
 bounds [0x0000000002790000, 0x0000000003290000, 0x0000000011790000]
 total_blobs=3931 nmethods=3198 adapters=646
 compilation: enabled

Compilation events (10 events):
Event: 13.460 Thread 0x0000000018446000 3535       4       java.lang.ClassLoader::defineClass (43 bytes)
Event: 13.462 Thread 0x0000000018481800 nmethod 3516 0x0000000002a4ad90 code [0x0000000002a4af00, 0x0000000002a4b438]
Event: 13.467 Thread 0x00000000184a0000 3536   !   3       org.gradle.api.internal.AbstractClassGenerator::generateUnderLock (1144 bytes)
Event: 13.481 Thread 0x00000000184a0000 nmethod 3536 0x0000000002d52c90 code [0x0000000002d53da0, 0x0000000002d5fd98]
Event: 13.481 Thread 0x00000000184a0000 3539       3       java.util.LinkedHashMap::get (33 bytes)
Event: 13.482 Thread 0x00000000184a0000 nmethod 3539 0x0000000002d13f10 code [0x0000000002d140a0, 0x0000000002d145a8]
Event: 13.482 Thread 0x00000000184a0000 3538       3       java.nio.HeapByteBuffer::get (14 bytes)
Event: 13.482 Thread 0x00000000184a0000 nmethod 3538 0x0000000002d13810 code [0x0000000002d139a0, 0x0000000002d13d48]
Event: 13.482 Thread 0x00000000184a0000 3537       3       java.nio.Buffer::nextGetIndex (31 bytes)
Event: 13.482 Thread 0x00000000184a0000 nmethod 3537 0x0000000002d133d0 code [0x0000000002d13540, 0x0000000002d13748]

GC Heap History (10 events):
Event: 4.006 GC heap before
{Heap before GC invocations=7 (full 1):
 PSYoungGen      total 76288K, used 6359K [0x00000000e0000000, 0x00000000e5500000, 0x0000000100000000)
  eden space 66560K, 0% used [0x00000000e0000000,0x00000000e0000000,0x00000000e4100000)
  from space 9728K, 65% used [0x00000000e4b80000,0x00000000e51b5f70,0x00000000e5500000)
  to   space 10240K, 0% used [0x00000000e4100000,0x00000000e4100000,0x00000000e4b00000)
 ParOldGen       total 87552K, used 9171K [0x00000000a0000000, 0x00000000a5580000, 0x00000000e0000000)
  object space 87552K, 10% used [0x00000000a0000000,0x00000000a08f4c48,0x00000000a5580000)
 Metaspace       used 20666K, capacity 21114K, committed 21296K, reserved 1067008K
  class space    used 2901K, capacity 3091K, committed 3200K, reserved 1048576K
Event: 4.090 GC heap after
Heap after GC invocations=7 (full 1):
 PSYoungGen      total 76288K, used 0K [0x00000000e0000000, 0x00000000e5500000, 0x0000000100000000)
  eden space 66560K, 0% used [0x00000000e0000000,0x00000000e0000000,0x00000000e4100000)
  from space 9728K, 0% used [0x00000000e4b80000,0x00000000e4b80000,0x00000000e5500000)
  to   space 10240K, 0% used [0x00000000e4100000,0x00000000e4100000,0x00000000e4b00000)
 ParOldGen       total 62464K, used 8151K [0x00000000a0000000, 0x00000000a3d00000, 0x00000000e0000000)
  object space 62464K, 13% used [0x00000000a0000000,0x00000000a07f5c90,0x00000000a3d00000)
 Metaspace       used 20666K, capacity 21114K, committed 21296K, reserved 1067008K
  class space    used 2901K, capacity 3091K, committed 3200K, reserved 1048576K
}
Event: 5.472 GC heap before
{Heap before GC invocations=8 (full 1):
 PSYoungGen      total 76288K, used 66560K [0x00000000e0000000, 0x00000000e5500000, 0x0000000100000000)
  eden space 66560K, 100% used [0x00000000e0000000,0x00000000e4100000,0x00000000e4100000)
  from space 9728K, 0% used [0x00000000e4b80000,0x00000000e4b80000,0x00000000e5500000)
  to   space 10240K, 0% used [0x00000000e4100000,0x00000000e4100000,0x00000000e4b00000)
 ParOldGen       total 62464K, used 8151K [0x00000000a0000000, 0x00000000a3d00000, 0x00000000e0000000)
  object space 62464K, 13% used [0x00000000a0000000,0x00000000a07f5c90,0x00000000a3d00000)
 Metaspace       used 28776K, capacity 29234K, committed 29440K, reserved 1075200K
  class space    used 3869K, capacity 4038K, committed 4096K, reserved 1048576K
Event: 5.483 GC heap after
Heap after GC invocations=8 (full 1):
 PSYoungGen      total 76800K, used 8006K [0x00000000e0000000, 0x00000000e7580000, 0x0000000100000000)
  eden space 66560K, 0% used [0x00000000e0000000,0x00000000e0000000,0x00000000e4100000)
  from space 10240K, 78% used [0x00000000e4100000,0x00000000e48d1b08,0x00000000e4b00000)
  to   space 10752K, 0% used [0x00000000e6b00000,0x00000000e6b00000,0x00000000e7580000)
 ParOldGen       total 62464K, used 8159K [0x00000000a0000000, 0x00000000a3d00000, 0x00000000e0000000)
  object space 62464K, 13% used [0x00000000a0000000,0x00000000a07f7c90,0x00000000a3d00000)
 Metaspace       used 28776K, capacity 29234K, committed 29440K, reserved 1075200K
  class space    used 3869K, capacity 4038K, committed 4096K, reserved 1048576K
}
Event: 6.079 GC heap before
{Heap before GC invocations=9 (full 1):
 PSYoungGen      total 76800K, used 74566K [0x00000000e0000000, 0x00000000e7580000, 0x0000000100000000)
  eden space 66560K, 100% used [0x00000000e0000000,0x00000000e4100000,0x00000000e4100000)
  from space 10240K, 78% used [0x00000000e4100000,0x00000000e48d1b08,0x00000000e4b00000)
  to   space 10752K, 0% used [0x00000000e6b00000,0x00000000e6b00000,0x00000000e7580000)
 ParOldGen       total 62464K, used 8159K [0x00000000a0000000, 0x00000000a3d00000, 0x00000000e0000000)
  object space 62464K, 13% used [0x00000000a0000000,0x00000000a07f7c90,0x00000000a3d00000)
 Metaspace       used 31953K, capacity 32464K, committed 32768K, reserved 1077248K
  class space    used 4396K, capacity 4558K, committed 4608K, reserved 1048576K
Event: 6.088 GC heap after
Heap after GC invocations=9 (full 1):
 PSYoungGen      total 108544K, used 8919K [0x00000000e0000000, 0x00000000e7580000, 0x0000000100000000)
  eden space 97792K, 0% used [0x00000000e0000000,0x00000000e0000000,0x00000000e5f80000)
  from space 10752K, 82% used [0x00000000e6b00000,0x00000000e73b5da8,0x00000000e7580000)
  to   space 11264K, 0% used [0x00000000e5f80000,0x00000000e5f80000,0x00000000e6a80000)
 ParOldGen       total 62464K, used 8167K [0x00000000a0000000, 0x00000000a3d00000, 0x00000000e0000000)
  object space 62464K, 13% used [0x00000000a0000000,0x00000000a07f9c90,0x00000000a3d00000)
 Metaspace       used 31953K, capacity 32464K, committed 32768K, reserved 1077248K
  class space    used 4396K, capacity 4558K, committed 4608K, reserved 1048576K
}
Event: 12.222 GC heap before
{Heap before GC invocations=10 (full 1):
 PSYoungGen      total 108544K, used 58267K [0x00000000e0000000, 0x00000000e7580000, 0x0000000100000000)
  eden space 97792K, 50% used [0x00000000e0000000,0x00000000e30310b0,0x00000000e5f80000)
  from space 10752K, 82% used [0x00000000e6b00000,0x00000000e73b5da8,0x00000000e7580000)
  to   space 11264K, 0% used [0x00000000e5f80000,0x00000000e5f80000,0x00000000e6a80000)
 ParOldGen       total 62464K, used 8167K [0x00000000a0000000, 0x00000000a3d00000, 0x00000000e0000000)
  object space 62464K, 13% used [0x00000000a0000000,0x00000000a07f9c90,0x00000000a3d00000)
 Metaspace       used 34661K, capacity 35454K, committed 35496K, reserved 1079296K
  class space    used 4781K, capacity 5008K, committed 5032K, reserved 1048576K
Event: 12.238 GC heap after
Heap after GC invocations=10 (full 1):
 PSYoungGen      total 109056K, used 10117K [0x00000000e0000000, 0x00000000e8e00000, 0x0000000100000000)
  eden space 97792K, 0% used [0x00000000e0000000,0x00000000e0000000,0x00000000e5f80000)
  from space 11264K, 89% used [0x00000000e5f80000,0x00000000e69615f0,0x00000000e6a80000)
  to   space 11776K, 0% used [0x00000000e8280000,0x00000000e8280000,0x00000000e8e00000)
 ParOldGen       total 62464K, used 8175K [0x00000000a0000000, 0x00000000a3d00000, 0x00000000e0000000)
  object space 62464K, 13% used [0x00000000a0000000,0x00000000a07fbc90,0x00000000a3d00000)
 Metaspace       used 34661K, capacity 35454K, committed 35496K, reserved 1079296K
  class space    used 4781K, capacity 5008K, committed 5032K, reserved 1048576K
}
Event: 12.238 GC heap before
{Heap before GC invocations=11 (full 2):
 PSYoungGen      total 109056K, used 10117K [0x00000000e0000000, 0x00000000e8e00000, 0x0000000100000000)
  eden space 97792K, 0% used [0x00000000e0000000,0x00000000e0000000,0x00000000e5f80000)
  from space 11264K, 89% used [0x00000000e5f80000,0x00000000e69615f0,0x00000000e6a80000)
  to   space 11776K, 0% used [0x00000000e8280000,0x00000000e8280000,0x00000000e8e00000)
 ParOldGen       total 62464K, used 8175K [0x00000000a0000000, 0x00000000a3d00000, 0x00000000e0000000)
  object space 62464K, 13% used [0x00000000a0000000,0x00000000a07fbc90,0x00000000a3d00000)
 Metaspace       used 34661K, capacity 35454K, committed 35496K, reserved 1079296K
  class space    used 4781K, capacity 5008K, committed 5032K, reserved 1048576K
Event: 12.394 GC heap after
Heap after GC invocations=11 (full 2):
 PSYoungGen      total 109056K, used 0K [0x00000000e0000000, 0x00000000e8e00000, 0x0000000100000000)
  eden space 97792K, 0% used [0x00000000e0000000,0x00000000e0000000,0x00000000e5f80000)
  from space 11264K, 0% used [0x00000000e5f80000,0x00000000e5f80000,0x00000000e6a80000)
  to   space 11776K, 0% used [0x00000000e8280000,0x00000000e8280000,0x00000000e8e00000)
 ParOldGen       total 99328K, used 16807K [0x00000000a0000000, 0x00000000a6100000, 0x00000000e0000000)
  object space 99328K, 16% used [0x00000000a0000000,0x00000000a1069ce0,0x00000000a6100000)
 Metaspace       used 34625K, capacity 35334K, committed 35496K, reserved 1079296K
  class space    used 4770K, capacity 4988K, committed 5032K, reserved 1048576K
}

Deoptimization events (10 events):
Event: 13.230 Thread 0x000000001a58d000 Uncommon trap: reason=unstable_if action=reinterpret pc=0x0000000002c7f64c method=java.util.jar.Attributes$Name.isDigit(C)Z @ 3
Event: 13.238 Thread 0x000000001a58d000 Uncommon trap: reason=unstable_if action=reinterpret pc=0x0000000003219e60 method=java.lang.ThreadLocal.get()Ljava/lang/Object; @ 11
Event: 13.254 Thread 0x000000001a58d000 Uncommon trap: reason=unstable_if action=reinterpret pc=0x000000000306d3d8 method=java.util.HashMap.putVal(ILjava/lang/Object;Ljava/lang/Object;ZZ)Ljava/lang/Object; @ 236
Event: 13.283 Thread 0x000000001a58d000 Uncommon trap: reason=unstable_if action=reinterpret pc=0x0000000002c13bfc method=java.lang.CharacterDataLatin1.isWhitespace(I)Z @ 14
Event: 13.369 Thread 0x000000001a58d000 Uncommon trap: reason=unstable_if action=reinterpret pc=0x00000000031baea4 method=java.util.jar.JarFile.getInputStream(Ljava/util/zip/ZipEntry;)Ljava/io/InputStream; @ 37
Event: 13.372 Thread 0x000000001a58d000 Uncommon trap: reason=unstable_if action=reinterpret pc=0x00000000029cf584 method=java.util.jar.JarFile$JarFileEntry.getCodeSigners()[Ljava/security/CodeSigner; @ 24
Event: 13.372 Thread 0x000000001a58d000 Uncommon trap: reason=unstable_if action=reinterpret pc=0x00000000029299b0 method=java.security.CodeSource.<init>(Ljava/net/URL;[Ljava/security/CodeSigner;)V @ 25
Event: 13.374 Thread 0x000000001a58d000 Uncommon trap: reason=unstable_if action=reinterpret pc=0x0000000002cce2ec method=java.security.CodeSource.getCertificates()[Ljava/security/cert/Certificate; @ 22
Event: 13.375 Thread 0x000000001a58d000 Uncommon trap: reason=unstable_if action=reinterpret pc=0x00000000028e547c method=java.security.CodeSource.matchCerts(Ljava/security/CodeSource;Z)Z @ 11
Event: 13.421 Thread 0x000000001a58d000 Uncommon trap: reason=unstable_if action=reinterpret pc=0x00000000028cbc00 method=java.util.LinkedHashMap.get(Ljava/lang/Object;)Ljava/lang/Object; @ 20

Classes redefined (0 events):
No events

Internal exceptions (10 events):
Event: 12.014 Thread 0x000000001a58d000 Exception <a 'java/lang/ClassNotFoundException': org/gradle/api/tasks/Delete_DecoratedCustomizer> (0x00000000e27060e8) thrown at [D:\src\AOSP-openjdk-cygwin\jdk8u\hotspot\src\share\vm\classfile\systemDictionary.cpp, line 210]
Event: 12.054 Thread 0x000000001a58d000 Exception <a 'java/lang/ClassNotFoundException': build_d30j0t6wbsjwfe4xdup9y0kp6BeanInfo> (0x00000000e27ff488) thrown at [D:\src\AOSP-openjdk-cygwin\jdk8u\hotspot\src\share\vm\classfile\systemDictionary.cpp, line 210]
Event: 12.054 Thread 0x000000001a58d000 Exception <a 'java/lang/ClassNotFoundException': build_d30j0t6wbsjwfe4xdup9y0kp6Customizer> (0x00000000e280a708) thrown at [D:\src\AOSP-openjdk-cygwin\jdk8u\hotspot\src\share\vm\classfile\systemDictionary.cpp, line 210]
Event: 12.061 Thread 0x000000001a58d000 Exception <a 'java/lang/ClassNotFoundException': org/gradle/api/internal/plugins/DefaultObjectConfigurationActionBeanInfo> (0x00000000e287c138) thrown at [D:\src\AOSP-openjdk-cygwin\jdk8u\hotspot\src\share\vm\classfile\systemDictionary.cpp, line 210]
Event: 12.062 Thread 0x000000001a58d000 Exception <a 'java/lang/ClassNotFoundException': org/gradle/api/internal/plugins/DefaultObjectConfigurationActionCustomizer> (0x00000000e28bb540) thrown at [D:\src\AOSP-openjdk-cygwin\jdk8u\hotspot\src\share\vm\classfile\systemDictionary.cpp, line 210]
Event: 12.514 Thread 0x000000001a58d000 Implicit null exception at 0x0000000002a1bfac to 0x0000000002a1facd
Event: 12.514 Thread 0x000000001a58d000 Implicit null exception at 0x00000000031af455 to 0x00000000031af73d
Event: 12.665 Thread 0x000000001a58d000 Exception <a 'sun/nio/fs/WindowsException'> (0x00000000e0a540f8) thrown at [D:\src\AOSP-openjdk-cygwin\jdk8u\hotspot\src\share\vm\prims\jni.cpp, line 709]
Event: 13.018 Thread 0x000000001a58d000 Exception <a 'sun/nio/fs/WindowsException'> (0x00000000e190fc78) thrown at [D:\src\AOSP-openjdk-cygwin\jdk8u\hotspot\src\share\vm\prims\jni.cpp, line 709]
Event: 13.238 Thread 0x000000001a58d000 Implicit null exception at 0x0000000003219928 to 0x0000000003219e49

Events (10 events):
Event: 13.485 loading class com/android/builder/testing/api/TestServer
Event: 13.485 loading class com/android/builder/testing/api/TestServer done
Event: 13.486 loading class com/android/builder/testing/api/DeviceProvider
Event: 13.486 loading class com/android/builder/testing/api/DeviceProvider done
Event: 13.486 loading class org/gradle/api/tasks/SourceSet
Event: 13.486 loading class org/gradle/api/tasks/SourceSet done
Event: 13.487 loading class org/gradle/api/tasks/Internal
Event: 13.487 loading class org/gradle/api/tasks/Internal done
Event: 13.487 loading class org/gradle/api/Incubating
Event: 13.487 loading class org/gradle/api/Incubating done


Dynamic libraries:
0x00007ff727f00000 - 0x00007ff727f31000 	D:\Programms\Android Studio\jre\bin\java.exe
0x00007ffabcbe0000 - 0x00007ffabcdc1000 	C:\WINDOWS\SYSTEM32\ntdll.dll
0x00007ffaba100000 - 0x00007ffaba1b1000 	C:\WINDOWS\System32\KERNEL32.DLL
0x00007ffab8f80000 - 0x00007ffab91f3000 	C:\WINDOWS\System32\KERNELBASE.dll
0x00007ffabc570000 - 0x00007ffabc611000 	C:\WINDOWS\System32\ADVAPI32.dll
0x00007ffaba5b0000 - 0x00007ffaba64e000 	C:\WINDOWS\System32\msvcrt.dll
0x00007ffabc630000 - 0x00007ffabc68b000 	C:\WINDOWS\System32\sechost.dll
0x00007ffaba480000 - 0x00007ffaba5a4000 	C:\WINDOWS\System32\RPCRT4.dll
0x00007ffabc6f0000 - 0x00007ffabc880000 	C:\WINDOWS\System32\USER32.dll
0x00007ffab9ce0000 - 0x00007ffab9d00000 	C:\WINDOWS\System32\win32u.dll
0x00007ffaba450000 - 0x00007ffaba478000 	C:\WINDOWS\System32\GDI32.dll
0x00007ffab9250000 - 0x00007ffab93e2000 	C:\WINDOWS\System32\gdi32full.dll
0x00007ffab9fa0000 - 0x00007ffaba03f000 	C:\WINDOWS\System32\msvcp_win.dll
0x00007ffab9b60000 - 0x00007ffab9c58000 	C:\WINDOWS\System32\ucrtbase.dll
0x00007ffaa87f0000 - 0x00007ffaa8a59000 	C:\WINDOWS\WinSxS\amd64_microsoft.windows.common-controls_6595b64144ccf1df_6.0.17134.706_none_fb43a2cb30647007\COMCTL32.dll
0x00007ffabc170000 - 0x00007ffabc492000 	C:\WINDOWS\System32\combase.dll
0x00007ffab9c60000 - 0x00007ffab9cda000 	C:\WINDOWS\System32\bcryptPrimitives.dll
0x00007ffabc0e0000 - 0x00007ffabc10d000 	C:\WINDOWS\System32\IMM32.DLL
0x0000000059b20000 - 0x0000000059bf2000 	D:\Programms\Android Studio\jre\jre\bin\msvcr100.dll
0x0000000059e90000 - 0x000000005a6d1000 	D:\Programms\Android Studio\jre\jre\bin\server\jvm.dll
0x00007ffabc620000 - 0x00007ffabc628000 	C:\WINDOWS\System32\PSAPI.DLL
0x00007ffaa9950000 - 0x00007ffaa9959000 	C:\WINDOWS\SYSTEM32\WSOCK32.dll
0x00007ffaa9bc0000 - 0x00007ffaa9bca000 	C:\WINDOWS\SYSTEM32\VERSION.dll
0x00007ffab49e0000 - 0x00007ffab4a03000 	C:\WINDOWS\SYSTEM32\WINMM.dll
0x00007ffabc070000 - 0x00007ffabc0dc000 	C:\WINDOWS\System32\WS2_32.dll
0x00007ffab49b0000 - 0x00007ffab49da000 	C:\WINDOWS\SYSTEM32\WINMMBASE.dll
0x00007ffab9200000 - 0x00007ffab9249000 	C:\WINDOWS\System32\cfgmgr32.dll
0x00007ffab4a40000 - 0x00007ffab4a4f000 	D:\Programms\Android Studio\jre\jre\bin\verify.dll
0x00007ffab22e0000 - 0x00007ffab2309000 	D:\Programms\Android Studio\jre\jre\bin\java.dll
0x00007ffab21b0000 - 0x00007ffab21c6000 	D:\Programms\Android Studio\jre\jre\bin\zip.dll
0x00007ffaba7e0000 - 0x00007ffabbc20000 	C:\WINDOWS\System32\SHELL32.dll
0x00007ffaba050000 - 0x00007ffaba0f9000 	C:\WINDOWS\System32\shcore.dll
0x00007ffab93f0000 - 0x00007ffab9afd000 	C:\WINDOWS\System32\windows.storage.dll
0x00007ffabc690000 - 0x00007ffabc6e1000 	C:\WINDOWS\System32\shlwapi.dll
0x00007ffab8f10000 - 0x00007ffab8f21000 	C:\WINDOWS\System32\kernel.appcore.dll
0x00007ffab8ef0000 - 0x00007ffab8f0f000 	C:\WINDOWS\System32\profapi.dll
0x00007ffab8f30000 - 0x00007ffab8f7c000 	C:\WINDOWS\System32\powrprof.dll
0x00007ffab8ec0000 - 0x00007ffab8eca000 	C:\WINDOWS\System32\FLTLIB.DLL
0x00007ffab1170000 - 0x00007ffab118a000 	D:\Programms\Android Studio\jre\jre\bin\net.dll
0x00007ffab8740000 - 0x00007ffab87a6000 	C:\WINDOWS\system32\mswsock.dll
0x00007ffaa74b0000 - 0x00007ffaa74c1000 	D:\Programms\Android Studio\jre\jre\bin\nio.dll
0x00007ffab4ac0000 - 0x00007ffab4ade000 	C:\Users\ectuser\.gradle\native\25\windows-amd64\native-platform.dll
0x00007ffab3ed0000 - 0x00007ffab3edd000 	D:\Programms\Android Studio\jre\jre\bin\management.dll
0x00007ffab88f0000 - 0x00007ffab8907000 	C:\WINDOWS\SYSTEM32\CRYPTSP.dll
0x00007ffab8320000 - 0x00007ffab8353000 	C:\WINDOWS\system32\rsaenh.dll
0x00007ffab8a20000 - 0x00007ffab8a45000 	C:\WINDOWS\SYSTEM32\bcrypt.dll
0x00007ffab8dc0000 - 0x00007ffab8de8000 	C:\WINDOWS\SYSTEM32\USERENV.dll
0x00007ffab8910000 - 0x00007ffab891b000 	C:\WINDOWS\SYSTEM32\CRYPTBASE.dll
0x00007ffab84c0000 - 0x00007ffab84f8000 	C:\WINDOWS\SYSTEM32\IPHLPAPI.DLL
0x00007ffaba650000 - 0x00007ffaba658000 	C:\WINDOWS\System32\NSI.dll
0x00007ffab2780000 - 0x00007ffab2796000 	C:\WINDOWS\SYSTEM32\dhcpcsvc6.DLL
0x00007ffab2bb0000 - 0x00007ffab2bca000 	C:\WINDOWS\SYSTEM32\dhcpcsvc.DLL

VM Arguments:
jvm_args: -Xmx1536m -Dfile.encoding=windows-1251 -Duser.country=RU -Duser.language=ru -Duser.variant 
java_command: org.gradle.launcher.daemon.bootstrap.GradleDaemon 5.1.1
java_class_path (initial): C:\Users\ectuser\.gradle\wrapper\dists\gradle-5.1.1-all\97z1ksx6lirer3kbvdnh7jtjg\gradle-5.1.1\lib\gradle-launcher-5.1.1.jar
Launcher Type: SUN_STANDARD

Environment Variables:
PATH=C:\Program Files (x86)\Common Files\Oracle\Java\javapath;C:\WINDOWS\system32;C:\WINDOWS;C:\WINDOWS\System32\Wbem;C:\WINDOWS\System32\WindowsPowerShell\v1.0\;C:\WINDOWS\System32\OpenSSH\;D:\Programms\Microsoft VS Code\bin;D:\Programms\Node\;D:\Programms\Git\cmd;D:\Programms\Python 3.6\Scripts\;D:\Programms\Python 3.6\;C:\Users\ectuser\AppData\Local\Microsoft\WindowsApps;C:\Users\ectuser\AppData\Local\GitHubDesktop\bin;C:\Users\ectuser\AppData\Roaming\npm
USERNAME=ectuser
OS=Windows_NT
PROCESSOR_IDENTIFIER=Intel64 Family 6 Model 142 Stepping 10, GenuineIntel



---------------  S Y S T E M  ---------------

OS: Windows 10.0 , 64 bit Build 17134 (10.0.17134.706)

CPU:total 8 (initial active 8) (4 cores per cpu, 2 threads per core) family 6 model 142 stepping 10, cmov, cx8, fxsr, mmx, sse, sse2, sse3, ssse3, sse4.1, sse4.2, popcnt, avx, avx2, aes, clmul, erms, 3dnowpref, lzcnt, ht, tsc, tscinvbit, bmi1, bmi2, adx

Memory: 4k page, physical 8272016k(1273564k free), swap 8534160k(5168k free)

vm_info: OpenJDK 64-Bit Server VM (25.152-b01) for windows-amd64 JRE (1.8.0_152-release-1343-b01), built by "builder" with MS VC++ 10.0 (VS2010)

time: Tue May 07 10:42:51 2019
elapsed time: 13 seconds (0d 0h 0m 13s)

