#
# There is insufficient memory for the Java Runtime Environment to continue.
# Native memory allocation (malloc) failed to allocate 276016 bytes for Chunk::new
# Possible reasons:
#   The system is out of physical RAM or swap space
#   In 32 bit mode, the process size limit was hit
# Possible solutions:
#   Reduce memory load on the system
#   Increase physical memory or swap space
#   Check if swap backing store is full
#   Use 64 bit Java on a 64 bit OS
#   Decrease Java heap size (-Xmx/-Xms)
#   Decrease number of Java threads
#   Decrease Java thread stack sizes (-Xss)
#   Set larger code cache with -XX:ReservedCodeCacheSize=
# This output file may be truncated or incomplete.
#
#  Out of Memory Error (allocation.cpp:390), pid=11452, tid=0x00000000000040ec
#
# JRE version: OpenJDK Runtime Environment (8.0_152-b01) (build 1.8.0_152-release-1343-b01)
# Java VM: OpenJDK 64-Bit Server VM (25.152-b01 mixed mode windows-amd64 compressed oops)
# Failed to write core dump. Minidumps are not enabled by default on client versions of Windows
#

---------------  T H R E A D  ---------------

Current thread (0x0000000018cd5800):  JavaThread "C2 CompilerThread2" daemon [_thread_in_native, id=16620, stack(0x0000000019690000,0x0000000019790000)]

Stack: [0x0000000019690000,0x0000000019790000]
[error occurred during error reporting (printing stack bounds), id 0xc0000005]

Native frames: (J=compiled Java code, j=interpreted, Vv=VM code, C=native code)


Current CompileTask:
C2:   6521 3301       4       java.lang.ClassLoader::checkPackageAccess (122 bytes)


---------------  P R O C E S S  ---------------

Java Threads: ( => current thread )
  0x000000001de16000 JavaThread "Cache worker for Build Output Cleanup Cache (D:\Scripts\Android Studio Projects\imageEditor\.gradle\buildOutputCleanup)" [_thread_blocked, id=12360, stack(0x0000000023df0000,0x0000000023ef0000)]
  0x000000001de15000 JavaThread "pool-1-thread-1" [_thread_blocked, id=15772, stack(0x0000000023af0000,0x0000000023bf0000)]
  0x000000001de14800 JavaThread "Build operations Thread 8" [_thread_blocked, id=16844, stack(0x00000000237f0000,0x00000000238f0000)]
  0x000000001de07800 JavaThread "Build operations Thread 7" [_thread_blocked, id=17004, stack(0x00000000236f0000,0x00000000237f0000)]
  0x000000001de0e800 JavaThread "Build operations Thread 6" [_thread_blocked, id=16848, stack(0x00000000235f0000,0x00000000236f0000)]
  0x000000001de0c000 JavaThread "Build operations Thread 5" [_thread_blocked, id=14148, stack(0x00000000234f0000,0x00000000235f0000)]
  0x000000001de08800 JavaThread "Build operations Thread 4" [_thread_blocked, id=6192, stack(0x00000000233f0000,0x00000000234f0000)]
  0x000000001de0b800 JavaThread "Build operations Thread 3" [_thread_blocked, id=1316, stack(0x00000000232f0000,0x00000000233f0000)]
  0x000000001de09000 JavaThread "Build operations Thread 2" [_thread_blocked, id=13316, stack(0x00000000231f0000,0x00000000232f0000)]
  0x000000001de0a800 JavaThread "Build operations" [_thread_blocked, id=4276, stack(0x00000000230f0000,0x00000000231f0000)]
  0x000000001de07000 JavaThread "Cache worker for execution history cache (C:\Users\ectuser\.gradle\caches\5.1.1\executionHistory)" [_thread_blocked, id=9404, stack(0x0000000022bf0000,0x0000000022cf0000)]
  0x000000001de0a000 JavaThread "Cache worker for cache directory md-rule (C:\Users\ectuser\.gradle\caches\5.1.1\md-rule)" [_thread_blocked, id=9172, stack(0x0000000021510000,0x0000000021610000)]
  0x000000001de0d800 JavaThread "Cache worker for cache directory md-supplier (C:\Users\ectuser\.gradle\caches\5.1.1\md-supplier)" [_thread_blocked, id=2760, stack(0x0000000021410000,0x0000000021510000)]
  0x0000000018cdd000 JavaThread "Cache worker for file hash cache (D:\Scripts\Android Studio Projects\imageEditor\.gradle\5.1.1\fileHashes)" [_thread_blocked, id=9152, stack(0x000000001d9c0000,0x000000001dac0000)]
  0x0000000018ce2800 JavaThread "Cache worker for journal cache (C:\Users\ectuser\.gradle\caches\journal-1)" [_thread_blocked, id=16704, stack(0x000000001c6f0000,0x000000001c7f0000)]
  0x000000001ae50800 JavaThread "File lock request listener" [_thread_in_native, id=6688, stack(0x000000001c5f0000,0x000000001c6f0000)]
  0x000000001afeb000 JavaThread "Cache worker for file hash cache (C:\Users\ectuser\.gradle\caches\5.1.1\fileHashes)" [_thread_blocked, id=16956, stack(0x000000001c4f0000,0x000000001c5f0000)]
  0x000000001af6c800 JavaThread "Thread-8" [_thread_blocked, id=16172, stack(0x000000001c3f0000,0x000000001c4f0000)]
  0x000000001af6b800 JavaThread "Stdin handler" [_thread_blocked, id=12568, stack(0x000000001c1f0000,0x000000001c2f0000)]
  0x000000001af57800 JavaThread "Asynchronous log dispatcher for DefaultDaemonConnection: socket connection from /127.0.0.1:63715 to /127.0.0.1:63716" [_thread_blocked, id=10500, stack(0x000000001c0f0000,0x000000001c1f0000)]
  0x000000001af4d000 JavaThread "Daemon worker" [_thread_in_Java, id=16756, stack(0x000000001bff0000,0x000000001c0f0000)]
  0x000000001ad11000 JavaThread "Cancel handler" [_thread_blocked, id=15864, stack(0x000000001bef0000,0x000000001bff0000)]
  0x000000001ac6f000 JavaThread "Handler for socket connection from /127.0.0.1:63715 to /127.0.0.1:63716" [_thread_in_native, id=15780, stack(0x000000001bbf0000,0x000000001bcf0000)]
  0x000000001ac6e800 JavaThread "Daemon" [_thread_blocked, id=9544, stack(0x000000001baf0000,0x000000001bbf0000)]
  0x000000001abc9000 JavaThread "Daemon periodic checks" [_thread_blocked, id=16648, stack(0x000000001b9f0000,0x000000001baf0000)]
  0x000000001ade2000 JavaThread "Incoming local TCP Connector on port 63715" [_thread_in_native, id=2328, stack(0x000000001b7a0000,0x000000001b8a0000)]
  0x0000000018d66000 JavaThread "Service Thread" daemon [_thread_blocked, id=10700, stack(0x0000000019890000,0x0000000019990000)]
  0x0000000018cdb800 JavaThread "C1 CompilerThread3" daemon [_thread_in_native, id=16716, stack(0x0000000019790000,0x0000000019890000)]
=>0x0000000018cd5800 JavaThread "C2 CompilerThread2" daemon [_thread_in_native, id=16620, stack(0x0000000019690000,0x0000000019790000)]
  0x0000000018cc8800 JavaThread "C2 CompilerThread1" daemon [_thread_in_vm, id=14968, stack(0x0000000019590000,0x0000000019690000)]
  0x0000000018cc0800 JavaThread "C2 CompilerThread0" daemon [_thread_in_native, id=2388, stack(0x0000000019490000,0x0000000019590000)]
  0x0000000018cc0000 JavaThread "Attach Listener" daemon [_thread_blocked, id=6104, stack(0x0000000019390000,0x0000000019490000)]
  0x0000000018cbf000 JavaThread "Signal Dispatcher" daemon [_thread_blocked, id=16008, stack(0x0000000019290000,0x0000000019390000)]
  0x0000000002ff9800 JavaThread "Finalizer" daemon [_thread_blocked, id=13716, stack(0x0000000019090000,0x0000000019190000)]
  0x0000000002ff6000 JavaThread "Reference Handler" daemon [_thread_blocked, id=16004, stack(0x0000000018b90000,0x0000000018c90000)]
  0x0000000002efe000 JavaThread "main" [_thread_blocked, id=13120, stack(0x0000000002d90000,0x0000000002e90000)]

Other Threads:
  0x0000000016db7800 VMThread [stack: 0x0000000018a90000,0x0000000018b90000] [id=14364]
  0x0000000018d70800 WatcherThread [stack: 0x0000000019990000,0x0000000019a90000] [id=15924]

VM state:not at safepoint (normal execution)

VM Mutex/Monitor currently owned by a thread: None

Heap:
 PSYoungGen      total 122368K, used 35120K [0x00000000e0000000, 0x00000000eae80000, 0x0000000100000000)
  eden space 111104K, 31% used [0x00000000e0000000,0x00000000e224c0f8,0x00000000e6c80000)
  from space 11264K, 0% used [0x00000000e6c80000,0x00000000e6c80000,0x00000000e7780000)
  to   space 11776K, 0% used [0x00000000ea300000,0x00000000ea300000,0x00000000eae80000)
 ParOldGen       total 55808K, used 16891K [0x00000000a0000000, 0x00000000a3680000, 0x00000000e0000000)
  object space 55808K, 30% used [0x00000000a0000000,0x00000000a107edc0,0x00000000a3680000)
 Metaspace       used 39800K, capacity 40606K, committed 40872K, reserved 1085440K
  class space    used 5438K, capacity 5693K, committed 5800K, reserved 1048576K

Card table byte_map: [0x00000000123c0000,0x00000000126d0000] byte_map_base: 0x0000000011ec0000

Marking Bits: (ParMarkBitMap*) 0x000000005a655aa0
 Begin Bits: [0x00000000130d0000, 0x00000000148d0000)
 End Bits:   [0x00000000148d0000, 0x00000000160d0000)

Polling page: 0x0000000002d20000

CodeCache: size=245760Kb used=11023Kb max_used=11023Kb free=234737Kb
 bounds [0x0000000003000000, 0x0000000003ad0000, 0x0000000012000000]
 total_blobs=3818 nmethods=3092 adapters=639
 compilation: enabled

Compilation events (10 events):
Event: 6.499 Thread 0x0000000018cdb800 nmethod 3320 0x0000000003ab6b50 code [0x0000000003ab6ca0, 0x0000000003ab6db0]
Event: 6.499 Thread 0x0000000018cc8800 3321       4       org.objectweb.asm.Frame::push (109 bytes)
Event: 6.499 Thread 0x0000000018cdb800 3322       3       org.gradle.api.internal.AsmBackedClassGenerator$ClassBuilderImpl::addConventionProperty (25 bytes)
Event: 6.500 Thread 0x0000000018cdb800 nmethod 3322 0x0000000003ab4390 code [0x0000000003ab45a0, 0x0000000003ab5038]
Event: 6.500 Thread 0x0000000018cdb800 3323       3       org.gradle.api.internal.AsmBackedClassGenerator$ClassBuilderImpl::applyConventionMappingToGetter (525 bytes)
Event: 6.502 Thread 0x0000000018cc8800 nmethod 3321 0x0000000003ab2850 code [0x0000000003ab29a0, 0x0000000003ab2cb8]
Event: 6.504 Thread 0x0000000018cdb800 nmethod 3323 0x0000000003ac34d0 code [0x0000000003ac3be0, 0x0000000003ac8fe8]
Event: 6.506 Thread 0x0000000018cc0800 nmethod 3317 0x0000000003ac2b10 code [0x0000000003ac2c80, 0x0000000003ac3058]
Event: 6.511 Thread 0x0000000018cdb800 3324       3       java.util.ArrayDeque::removeFirst (19 bytes)
Event: 6.512 Thread 0x0000000018cdb800 nmethod 3324 0x0000000003ac25d0 code [0x0000000003ac2760, 0x0000000003ac29f8]

GC Heap History (10 events):
Event: 3.635 GC heap before
{Heap before GC invocations=7 (full 1):
 PSYoungGen      total 76288K, used 6381K [0x00000000e0000000, 0x00000000e5500000, 0x0000000100000000)
  eden space 66560K, 0% used [0x00000000e0000000,0x00000000e0000000,0x00000000e4100000)
  from space 9728K, 65% used [0x00000000e4b80000,0x00000000e51bb690,0x00000000e5500000)
  to   space 10240K, 0% used [0x00000000e4100000,0x00000000e4100000,0x00000000e4b00000)
 ParOldGen       total 87552K, used 9232K [0x00000000a0000000, 0x00000000a5580000, 0x00000000e0000000)
  object space 87552K, 10% used [0x00000000a0000000,0x00000000a0904190,0x00000000a5580000)
 Metaspace       used 20662K, capacity 21118K, committed 21296K, reserved 1067008K
  class space    used 2900K, capacity 3091K, committed 3200K, reserved 1048576K
Event: 3.677 GC heap after
Heap after GC invocations=7 (full 1):
 PSYoungGen      total 76288K, used 0K [0x00000000e0000000, 0x00000000e5500000, 0x0000000100000000)
  eden space 66560K, 0% used [0x00000000e0000000,0x00000000e0000000,0x00000000e4100000)
  from space 9728K, 0% used [0x00000000e4b80000,0x00000000e4b80000,0x00000000e5500000)
  to   space 10240K, 0% used [0x00000000e4100000,0x00000000e4100000,0x00000000e4b00000)
 ParOldGen       total 55808K, used 7731K [0x00000000a0000000, 0x00000000a3680000, 0x00000000e0000000)
  object space 55808K, 13% used [0x00000000a0000000,0x00000000a078cc70,0x00000000a3680000)
 Metaspace       used 20662K, capacity 21118K, committed 21296K, reserved 1067008K
  class space    used 2900K, capacity 3091K, committed 3200K, reserved 1048576K
}
Event: 4.578 GC heap before
{Heap before GC invocations=8 (full 1):
 PSYoungGen      total 76288K, used 66560K [0x00000000e0000000, 0x00000000e5500000, 0x0000000100000000)
  eden space 66560K, 100% used [0x00000000e0000000,0x00000000e4100000,0x00000000e4100000)
  from space 9728K, 0% used [0x00000000e4b80000,0x00000000e4b80000,0x00000000e5500000)
  to   space 10240K, 0% used [0x00000000e4100000,0x00000000e4100000,0x00000000e4b00000)
 ParOldGen       total 55808K, used 7731K [0x00000000a0000000, 0x00000000a3680000, 0x00000000e0000000)
  object space 55808K, 13% used [0x00000000a0000000,0x00000000a078cc70,0x00000000a3680000)
 Metaspace       used 28797K, capacity 29308K, committed 29440K, reserved 1075200K
  class space    used 3872K, capacity 4040K, committed 4096K, reserved 1048576K
Event: 4.588 GC heap after
Heap after GC invocations=8 (full 1):
 PSYoungGen      total 76800K, used 7993K [0x00000000e0000000, 0x00000000e8200000, 0x0000000100000000)
  eden space 66560K, 0% used [0x00000000e0000000,0x00000000e0000000,0x00000000e4100000)
  from space 10240K, 78% used [0x00000000e4100000,0x00000000e48ce798,0x00000000e4b00000)
  to   space 10752K, 0% used [0x00000000e7780000,0x00000000e7780000,0x00000000e8200000)
 ParOldGen       total 55808K, used 7739K [0x00000000a0000000, 0x00000000a3680000, 0x00000000e0000000)
  object space 55808K, 13% used [0x00000000a0000000,0x00000000a078ec70,0x00000000a3680000)
 Metaspace       used 28797K, capacity 29308K, committed 29440K, reserved 1075200K
  class space    used 3872K, capacity 4040K, committed 4096K, reserved 1048576K
}
Event: 5.140 GC heap before
{Heap before GC invocations=9 (full 1):
 PSYoungGen      total 76800K, used 74553K [0x00000000e0000000, 0x00000000e8200000, 0x0000000100000000)
  eden space 66560K, 100% used [0x00000000e0000000,0x00000000e4100000,0x00000000e4100000)
  from space 10240K, 78% used [0x00000000e4100000,0x00000000e48ce798,0x00000000e4b00000)
  to   space 10752K, 0% used [0x00000000e7780000,0x00000000e7780000,0x00000000e8200000)
 ParOldGen       total 55808K, used 7739K [0x00000000a0000000, 0x00000000a3680000, 0x00000000e0000000)
  object space 55808K, 13% used [0x00000000a0000000,0x00000000a078ec70,0x00000000a3680000)
 Metaspace       used 31925K, capacity 32468K, committed 32768K, reserved 1077248K
  class space    used 4392K, capacity 4558K, committed 4608K, reserved 1048576K
Event: 5.150 GC heap after
Heap after GC invocations=9 (full 1):
 PSYoungGen      total 121856K, used 8869K [0x00000000e0000000, 0x00000000e8280000, 0x0000000100000000)
  eden space 111104K, 0% used [0x00000000e0000000,0x00000000e0000000,0x00000000e6c80000)
  from space 10752K, 82% used [0x00000000e7780000,0x00000000e8029470,0x00000000e8200000)
  to   space 11264K, 0% used [0x00000000e6c80000,0x00000000e6c80000,0x00000000e7780000)
 ParOldGen       total 55808K, used 7747K [0x00000000a0000000, 0x00000000a3680000, 0x00000000e0000000)
  object space 55808K, 13% used [0x00000000a0000000,0x00000000a0790c70,0x00000000a3680000)
 Metaspace       used 31925K, capacity 32468K, committed 32768K, reserved 1077248K
  class space    used 4392K, capacity 4558K, committed 4608K, reserved 1048576K
}
Event: 5.840 GC heap before
{Heap before GC invocations=10 (full 1):
 PSYoungGen      total 121856K, used 59933K [0x00000000e0000000, 0x00000000e8280000, 0x0000000100000000)
  eden space 111104K, 45% used [0x00000000e0000000,0x00000000e31de1b8,0x00000000e6c80000)
  from space 10752K, 82% used [0x00000000e7780000,0x00000000e8029470,0x00000000e8200000)
  to   space 11264K, 0% used [0x00000000e6c80000,0x00000000e6c80000,0x00000000e7780000)
 ParOldGen       total 55808K, used 7747K [0x00000000a0000000, 0x00000000a3680000, 0x00000000e0000000)
  object space 55808K, 13% used [0x00000000a0000000,0x00000000a0790c70,0x00000000a3680000)
 Metaspace       used 34635K, capacity 35416K, committed 35496K, reserved 1079296K
  class space    used 4777K, capacity 5001K, committed 5032K, reserved 1048576K
Event: 5.853 GC heap after
Heap after GC invocations=10 (full 1):
 PSYoungGen      total 122368K, used 10107K [0x00000000e0000000, 0x00000000eae80000, 0x0000000100000000)
  eden space 111104K, 0% used [0x00000000e0000000,0x00000000e0000000,0x00000000e6c80000)
  from space 11264K, 89% used [0x00000000e6c80000,0x00000000e765ef20,0x00000000e7780000)
  to   space 11776K, 0% used [0x00000000ea300000,0x00000000ea300000,0x00000000eae80000)
 ParOldGen       total 55808K, used 7755K [0x00000000a0000000, 0x00000000a3680000, 0x00000000e0000000)
  object space 55808K, 13% used [0x00000000a0000000,0x00000000a0792c70,0x00000000a3680000)
 Metaspace       used 34635K, capacity 35416K, committed 35496K, reserved 1079296K
  class space    used 4777K, capacity 5001K, committed 5032K, reserved 1048576K
}
Event: 5.853 GC heap before
{Heap before GC invocations=11 (full 2):
 PSYoungGen      total 122368K, used 10107K [0x00000000e0000000, 0x00000000eae80000, 0x0000000100000000)
  eden space 111104K, 0% used [0x00000000e0000000,0x00000000e0000000,0x00000000e6c80000)
  from space 11264K, 89% used [0x00000000e6c80000,0x00000000e765ef20,0x00000000e7780000)
  to   space 11776K, 0% used [0x00000000ea300000,0x00000000ea300000,0x00000000eae80000)
 ParOldGen       total 55808K, used 7755K [0x00000000a0000000, 0x00000000a3680000, 0x00000000e0000000)
  object space 55808K, 13% used [0x00000000a0000000,0x00000000a0792c70,0x00000000a3680000)
 Metaspace       used 34635K, capacity 35416K, committed 35496K, reserved 1079296K
  class space    used 4777K, capacity 5001K, committed 5032K, reserved 1048576K
Event: 5.917 GC heap after
Heap after GC invocations=11 (full 2):
 PSYoungGen      total 122368K, used 0K [0x00000000e0000000, 0x00000000eae80000, 0x0000000100000000)
  eden space 111104K, 0% used [0x00000000e0000000,0x00000000e0000000,0x00000000e6c80000)
  from space 11264K, 0% used [0x00000000e6c80000,0x00000000e6c80000,0x00000000e7780000)
  to   space 11776K, 0% used [0x00000000ea300000,0x00000000ea300000,0x00000000eae80000)
 ParOldGen       total 55808K, used 16891K [0x00000000a0000000, 0x00000000a3680000, 0x00000000e0000000)
  object space 55808K, 30% used [0x00000000a0000000,0x00000000a107edc0,0x00000000a3680000)
 Metaspace       used 34612K, capacity 35338K, committed 35496K, reserved 1079296K
  class space    used 4770K, capacity 4988K, committed 5032K, reserved 1048576K
}

Deoptimization events (10 events):
Event: 4.712 Thread 0x000000001af4d000 Uncommon trap: reason=bimorphic action=maybe_recompile pc=0x00000000037cc950 method=java.util.WeakHashMap.eq(Ljava/lang/Object;Ljava/lang/Object;)Z @ 7
Event: 5.036 Thread 0x000000001af4d000 Uncommon trap: reason=unstable_if action=reinterpret pc=0x000000000380e5a0 method=java.net.URI.match(CJJ)Z @ 45
Event: 5.383 Thread 0x000000001af4d000 Uncommon trap: reason=unstable_if action=reinterpret pc=0x00000000039884c8 method=java.util.concurrent.ConcurrentHashMap.get(Ljava/lang/Object;)Ljava/lang/Object; @ 76
Event: 5.383 Thread 0x000000001af4d000 Uncommon trap: reason=class_check action=maybe_recompile pc=0x00000000034d0ea0 method=java.util.concurrent.ConcurrentHashMap.putVal(Ljava/lang/Object;Ljava/lang/Object;Z)Ljava/lang/Object; @ 192
Event: 5.427 Thread 0x000000001de08800 Uncommon trap: reason=unstable_if action=reinterpret pc=0x00000000034d0d14 method=java.util.concurrent.ConcurrentHashMap.addCount(JI)V @ 34
Event: 5.431 Thread 0x000000001de08800 Uncommon trap: reason=unstable_if action=reinterpret pc=0x000000000346cdd4 method=java.util.concurrent.ConcurrentHashMap.addCount(JI)V @ 168
Event: 5.613 Thread 0x000000001af4d000 Uncommon trap: reason=range_check action=make_not_entrant pc=0x0000000003960a78 method=java.lang.String.charAt(I)C @ 27
Event: 5.973 Thread 0x000000001af4d000 Uncommon trap: reason=predicate action=maybe_recompile pc=0x0000000003939dd0 method=java.util.Arrays.binarySearch0([Ljava/lang/Object;IILjava/lang/Object;Ljava/util/Comparator;)I @ 28
Event: 6.007 Thread 0x000000001af4d000 Uncommon trap: reason=unstable_if action=reinterpret pc=0x0000000003a54b7c method=java.security.CodeSource.hashCode()I @ 4
Event: 6.007 Thread 0x000000001af4d000 Uncommon trap: reason=unstable_if action=reinterpret pc=0x00000000039ef60c method=java.security.CodeSource.hashCode()I @ 4

Classes redefined (0 events):
No events

Internal exceptions (10 events):
Event: 5.706 Thread 0x000000001af4d000 Exception <a 'java/lang/ClassNotFoundException': org/gradle/api/tasks/DeleteCustomizer> (0x00000000e27fe930) thrown at [D:\src\AOSP-openjdk-cygwin\jdk8u\hotspot\src\share\vm\classfile\systemDictionary.cpp, line 210]
Event: 5.707 Thread 0x000000001af4d000 Exception <a 'java/lang/ClassNotFoundException': org/gradle/api/tasks/Delete_DecoratedCustomizer> (0x00000000e2848b08) thrown at [D:\src\AOSP-openjdk-cygwin\jdk8u\hotspot\src\share\vm\classfile\systemDictionary.cpp, line 210]
Event: 5.727 Thread 0x000000001af4d000 Exception <a 'java/lang/ClassNotFoundException': build_d30j0t6wbsjwfe4xdup9y0kp6BeanInfo> (0x00000000e2940580) thrown at [D:\src\AOSP-openjdk-cygwin\jdk8u\hotspot\src\share\vm\classfile\systemDictionary.cpp, line 210]
Event: 5.728 Thread 0x000000001af4d000 Exception <a 'java/lang/ClassNotFoundException': build_d30j0t6wbsjwfe4xdup9y0kp6Customizer> (0x00000000e294b800) thrown at [D:\src\AOSP-openjdk-cygwin\jdk8u\hotspot\src\share\vm\classfile\systemDictionary.cpp, line 210]
Event: 5.732 Thread 0x000000001af4d000 Exception <a 'java/lang/ClassNotFoundException': org/gradle/api/internal/plugins/DefaultObjectConfigurationActionBeanInfo> (0x00000000e29bd2a8) thrown at [D:\src\AOSP-openjdk-cygwin\jdk8u\hotspot\src\share\vm\classfile\systemDictionary.cpp, line 210]
Event: 5.732 Thread 0x000000001af4d000 Exception <a 'java/lang/ClassNotFoundException': org/gradle/api/internal/plugins/DefaultObjectConfigurationActionCustomizer> (0x00000000e29fc6b0) thrown at [D:\src\AOSP-openjdk-cygwin\jdk8u\hotspot\src\share\vm\classfile\systemDictionary.cpp, line 210]
Event: 6.007 Thread 0x000000001af4d000 Implicit null exception at 0x0000000003a50108 to 0x0000000003a54b21
Event: 6.007 Thread 0x000000001af4d000 Implicit null exception at 0x00000000039ef315 to 0x00000000039ef5fd
Event: 6.094 Thread 0x000000001af4d000 Exception <a 'sun/nio/fs/WindowsException'> (0x00000000e09e81e8) thrown at [D:\src\AOSP-openjdk-cygwin\jdk8u\hotspot\src\share\vm\prims\jni.cpp, line 709]
Event: 6.391 Thread 0x000000001af4d000 Exception <a 'sun/nio/fs/WindowsException'> (0x00000000e18ab7f0) thrown at [D:\src\AOSP-openjdk-cygwin\jdk8u\hotspot\src\share\vm\prims\jni.cpp, line 709]

Events (10 events):
Event: 6.509 loading class org/gradle/api/tasks/VerificationTask
Event: 6.509 loading class org/gradle/api/tasks/VerificationTask done
Event: 6.510 loading class org/gradle/api/reporting/Reporting
Event: 6.510 loading class org/gradle/api/reporting/Reporting done
Event: 6.510 loading class org/gradle/api/plugins/JavaBasePlugin$12
Event: 6.510 loading class org/gradle/api/plugins/JavaBasePlugin$12 done
Event: 6.511 loading class org/gradle/api/plugins/JavaBasePlugin$10
Event: 6.511 loading class org/gradle/api/plugins/JavaBasePlugin$10 done
Event: 6.511 loading class org/gradle/api/plugins/JavaBasePlugin$11
Event: 6.511 loading class org/gradle/api/plugins/JavaBasePlugin$11 done


Dynamic libraries:
0x00007ff727f00000 - 0x00007ff727f31000 	D:\Programms\Android Studio\jre\bin\java.exe
0x00007ffabcbe0000 - 0x00007ffabcdc1000 	C:\WINDOWS\SYSTEM32\ntdll.dll
0x00007ffaba100000 - 0x00007ffaba1b1000 	C:\WINDOWS\System32\KERNEL32.DLL
0x00007ffab8f80000 - 0x00007ffab91f3000 	C:\WINDOWS\System32\KERNELBASE.dll
0x00007ffabc570000 - 0x00007ffabc611000 	C:\WINDOWS\System32\ADVAPI32.dll
0x00007ffaba5b0000 - 0x00007ffaba64e000 	C:\WINDOWS\System32\msvcrt.dll
0x00007ffabc630000 - 0x00007ffabc68b000 	C:\WINDOWS\System32\sechost.dll
0x00007ffaba480000 - 0x00007ffaba5a4000 	C:\WINDOWS\System32\RPCRT4.dll
0x00007ffabc6f0000 - 0x00007ffabc880000 	C:\WINDOWS\System32\USER32.dll
0x00007ffab9ce0000 - 0x00007ffab9d00000 	C:\WINDOWS\System32\win32u.dll
0x00007ffaba450000 - 0x00007ffaba478000 	C:\WINDOWS\System32\GDI32.dll
0x00007ffab9250000 - 0x00007ffab93e2000 	C:\WINDOWS\System32\gdi32full.dll
0x00007ffab9fa0000 - 0x00007ffaba03f000 	C:\WINDOWS\System32\msvcp_win.dll
0x00007ffab9b60000 - 0x00007ffab9c58000 	C:\WINDOWS\System32\ucrtbase.dll
0x00007ffaa87f0000 - 0x00007ffaa8a59000 	C:\WINDOWS\WinSxS\amd64_microsoft.windows.common-controls_6595b64144ccf1df_6.0.17134.706_none_fb43a2cb30647007\COMCTL32.dll
0x00007ffabc170000 - 0x00007ffabc492000 	C:\WINDOWS\System32\combase.dll
0x00007ffab9c60000 - 0x00007ffab9cda000 	C:\WINDOWS\System32\bcryptPrimitives.dll
0x00007ffabc0e0000 - 0x00007ffabc10d000 	C:\WINDOWS\System32\IMM32.DLL
0x0000000059b20000 - 0x0000000059bf2000 	D:\Programms\Android Studio\jre\jre\bin\msvcr100.dll
0x0000000059e90000 - 0x000000005a6d1000 	D:\Programms\Android Studio\jre\jre\bin\server\jvm.dll
0x00007ffabc620000 - 0x00007ffabc628000 	C:\WINDOWS\System32\PSAPI.DLL
0x00007ffaa9950000 - 0x00007ffaa9959000 	C:\WINDOWS\SYSTEM32\WSOCK32.dll
0x00007ffaa9bc0000 - 0x00007ffaa9bca000 	C:\WINDOWS\SYSTEM32\VERSION.dll
0x00007ffab49e0000 - 0x00007ffab4a03000 	C:\WINDOWS\SYSTEM32\WINMM.dll
0x00007ffabc070000 - 0x00007ffabc0dc000 	C:\WINDOWS\System32\WS2_32.dll
0x00007ffab49b0000 - 0x00007ffab49da000 	C:\WINDOWS\SYSTEM32\WINMMBASE.dll
0x00007ffab9200000 - 0x00007ffab9249000 	C:\WINDOWS\System32\cfgmgr32.dll
0x00007ffab4a40000 - 0x00007ffab4a4f000 	D:\Programms\Android Studio\jre\jre\bin\verify.dll
0x00007ffab22e0000 - 0x00007ffab2309000 	D:\Programms\Android Studio\jre\jre\bin\java.dll
0x00007ffab21b0000 - 0x00007ffab21c6000 	D:\Programms\Android Studio\jre\jre\bin\zip.dll
0x00007ffaba7e0000 - 0x00007ffabbc20000 	C:\WINDOWS\System32\SHELL32.dll
0x00007ffaba050000 - 0x00007ffaba0f9000 	C:\WINDOWS\System32\shcore.dll
0x00007ffab93f0000 - 0x00007ffab9afd000 	C:\WINDOWS\System32\windows.storage.dll
0x00007ffabc690000 - 0x00007ffabc6e1000 	C:\WINDOWS\System32\shlwapi.dll
0x00007ffab8f10000 - 0x00007ffab8f21000 	C:\WINDOWS\System32\kernel.appcore.dll
0x00007ffab8ef0000 - 0x00007ffab8f0f000 	C:\WINDOWS\System32\profapi.dll
0x00007ffab8f30000 - 0x00007ffab8f7c000 	C:\WINDOWS\System32\powrprof.dll
0x00007ffab8ec0000 - 0x00007ffab8eca000 	C:\WINDOWS\System32\FLTLIB.DLL
0x00007ffab1170000 - 0x00007ffab118a000 	D:\Programms\Android Studio\jre\jre\bin\net.dll
0x00007ffab8740000 - 0x00007ffab87a6000 	C:\WINDOWS\system32\mswsock.dll
0x00007ffaa74b0000 - 0x00007ffaa74c1000 	D:\Programms\Android Studio\jre\jre\bin\nio.dll
0x00007ffab4ac0000 - 0x00007ffab4ade000 	C:\Users\ectuser\.gradle\native\25\windows-amd64\native-platform.dll
0x00007ffab3ed0000 - 0x00007ffab3edd000 	D:\Programms\Android Studio\jre\jre\bin\management.dll
0x00007ffab88f0000 - 0x00007ffab8907000 	C:\WINDOWS\SYSTEM32\CRYPTSP.dll
0x00007ffab8320000 - 0x00007ffab8353000 	C:\WINDOWS\system32\rsaenh.dll
0x00007ffab8a20000 - 0x00007ffab8a45000 	C:\WINDOWS\SYSTEM32\bcrypt.dll
0x00007ffab8dc0000 - 0x00007ffab8de8000 	C:\WINDOWS\SYSTEM32\USERENV.dll
0x00007ffab8910000 - 0x00007ffab891b000 	C:\WINDOWS\SYSTEM32\CRYPTBASE.dll
0x00007ffab84c0000 - 0x00007ffab84f8000 	C:\WINDOWS\SYSTEM32\IPHLPAPI.DLL
0x00007ffaba650000 - 0x00007ffaba658000 	C:\WINDOWS\System32\NSI.dll
0x00007ffab2780000 - 0x00007ffab2796000 	C:\WINDOWS\SYSTEM32\dhcpcsvc6.DLL
0x00007ffab2bb0000 - 0x00007ffab2bca000 	C:\WINDOWS\SYSTEM32\dhcpcsvc.DLL

VM Arguments:
jvm_args: -Xmx1536m -Dfile.encoding=windows-1251 -Duser.country=RU -Duser.language=ru -Duser.variant 
java_command: org.gradle.launcher.daemon.bootstrap.GradleDaemon 5.1.1
java_class_path (initial): C:\Users\ectuser\.gradle\wrapper\dists\gradle-5.1.1-all\97z1ksx6lirer3kbvdnh7jtjg\gradle-5.1.1\lib\gradle-launcher-5.1.1.jar
Launcher Type: SUN_STANDARD

Environment Variables:
PATH=C:\Program Files (x86)\Common Files\Oracle\Java\javapath;C:\WINDOWS\system32;C:\WINDOWS;C:\WINDOWS\System32\Wbem;C:\WINDOWS\System32\WindowsPowerShell\v1.0\;C:\WINDOWS\System32\OpenSSH\;D:\Programms\Microsoft VS Code\bin;D:\Programms\Node\;D:\Programms\Git\cmd;D:\Programms\Python 3.6\Scripts\;D:\Programms\Python 3.6\;C:\Users\ectuser\AppData\Local\Microsoft\WindowsApps;C:\Users\ectuser\AppData\Local\GitHubDesktop\bin;C:\Users\ectuser\AppData\Roaming\npm
USERNAME=ectuser
OS=Windows_NT
PROCESSOR_IDENTIFIER=Intel64 Family 6 Model 142 Stepping 10, GenuineIntel



---------------  S Y S T E M  ---------------

OS: Windows 10.0 , 64 bit Build 17134 (10.0.17134.706)

CPU:total 8 (initial active 8) (4 cores per cpu, 2 threads per core) family 6 model 142 stepping 10, cmov, cx8, fxsr, mmx, sse, sse2, sse3, ssse3, sse4.1, sse4.2, popcnt, avx, avx2, aes, clmul, erms, 3dnowpref, lzcnt, ht, tsc, tscinvbit, bmi1, bmi2, adx

Memory: 4k page, physical 8272016k(1252288k free), swap 8534160k(5120k free)

vm_info: OpenJDK 64-Bit Server VM (25.152-b01) for windows-amd64 JRE (1.8.0_152-release-1343-b01), built by "builder" with MS VC++ 10.0 (VS2010)

time: Tue May 07 10:43:24 2019
elapsed time: 6 seconds (0d 0h 0m 6s)

